C51 COMPILER V8.02   ULITITY                                                               12/27/2013 09:38:01 PAGE 1   


C51 COMPILER V8.02, COMPILATION OF MODULE ULITITY
OBJECT MODULE PLACED IN ulitity.obj
COMPILER INVOKED BY: d:\Keil51801\C51\BIN\C51.EXE src\ulitity.c OMF2 WARNINGLEVEL(1) OPTIMIZE(9,SPEED) BROWSE DEBUG PRIN
                    -T(.\ulitity.lst) OBJECT(ulitity.obj)

line level    source

   1           /************************************版权申明********************************************
   2          **                             广州大彩光电科技有限公司
   3          **                             http://www.gz-dc.com
   4          **-----------------------------------文件信息--------------------------------------------
   5          ** 文件名称:   ulitity.c
   6          ** 创建时间:   2012-06-1
   7          ** 文件说明:   单片机中断服务处理和其他服务函数
   8          ** 技术支持：  Tel: 020-82186683  Email: hmi@gz-dc.com Web:www.gz-dc.com
   9          
  10          ** 修改日期: 2013-12-12
  11          ** 1) 完善注释
  12          ------------------------------------------------------------------------------------  */
  13          #include "hmi_driver.h"
  14          #include "hmi_user_uart.h"
  15          #include "cmd_process.h"
  16          #include "ulitity.h"
  17          extern uint16 idata  timer_tick_count;
  18          extern uint16 idata  screen_id;
  19          extern uint16 idata  current_screen_id; 
  20          //曲线采样点
  21            code uint8 sine1[144]={
  22          0xF5, 0xF2, 0xF0, 0xEC, 0xE9, 0xE6, 0xE2, 0xDE, 0xD9, 0xD5, 0xD0, 0xCB, 0xC6, 0xC1, 0xBB, 0xB6,
  23          0xB0, 0xAA, 0xA4, 0x9E, 0x98, 0x92, 0x8C, 0x86, 0x80, 0x79, 0x73, 0x6D, 0x67, 0x61, 0x5B, 0x55,
  24          0x4F, 0x49, 0x44, 0x3E, 0x39, 0x34, 0x2F, 0x2A, 0x26, 0x21, 0x1D, 0x19, 0x16, 0x13, 0x0F, 0x0D, 
  25          0x0A, 0x08, 0x06, 0x04, 0x03, 0x02, 0x01, 0x01, 0x01, 0x01, 0x01, 0x02, 0x03, 0x04, 0x06, 0x08, 
  26          0x0A, 0x0D, 0x0F, 0x13, 0x16, 0x19, 0x1D, 0x21, 0x26, 0x2A, 0x2F, 0x34, 0x39, 0x3E, 0x44, 0x49, 
  27          0x4F, 0x55, 0x5B, 0x61, 0x67, 0x6D, 0x73, 0x79, 0x7F, 0x86, 0x8C, 0x92, 0x98, 0x9E, 0xA4, 0xAA, 
  28          0xB0, 0xB6, 0xBB, 0xC1, 0xC6, 0xCB, 0xD0, 0xD5, 0xD9, 0xDE, 0xE2, 0xE6, 0xE9, 0xEC, 0xF0, 0xF2, 
  29          0xF5, 0xF7, 0xF9, 0xFB, 0xFC, 0xFD, 0xFE, 0xFE, 0xFE, 0xFE, 0xFE, 0xFD, 0xFC, 0xFB, 0xF9, 0xF7, 
  30          0xF5, 0xF2, 0xF0, 0xEC, 0xE9, 0xE6, 0xE2, 0xDE, 0xD9, 0xD5, 0xD0, 0xCB, 0xC6, 0xC1, 0xBB, 0xB6 
  31          };
  32          
  33          code uint8  sine2[144]={
  34          
  35          0x4F, 0x49, 0x44, 0x3E, 0x39, 0x34, 0x2F, 0x2A, 0x26, 0x21, 0x1D, 0x19, 0x16, 0x13, 0x0F, 0x0D,  
  36          0x0A, 0x08, 0x06, 0x04, 0x03, 0x02, 0x01, 0x01, 0x01, 0x01, 0x01, 0x02, 0x03, 0x04, 0x06, 0x08, 
  37          0x0A, 0x0D, 0x0F, 0x13, 0x16, 0x19, 0x1D, 0x21, 0x26, 0x2A, 0x2F, 0x34, 0x39, 0x3E, 0x44, 0x49, 
  38          0x4F, 0x55, 0x5B, 0x61, 0x67, 0x6D, 0x73, 0x79, 0x7F, 0x86, 0x8C, 0x92, 0x98, 0x9E, 0xA4, 0xAA, 
  39          0xB0, 0xB6, 0xBB, 0xC1, 0xC6, 0xCB, 0xD0, 0xD5, 0xD9, 0xDE, 0xE2, 0xE6, 0xE9, 0xEC, 0xF0, 0xF2, 
  40          0xF5, 0xF7, 0xF9, 0xFB, 0xFC, 0xFD, 0xFE, 0xFE, 0xFE, 0xFE, 0xFE, 0xFD, 0xFC, 0xFB, 0xF9, 0xF7, 
  41          0xF5, 0xF2, 0xF0, 0xEC, 0xE9, 0xE6, 0xE2, 0xDE, 0xD9, 0xD5, 0xD0, 0xCB, 0xC6, 0xC1, 0xBB, 0xB6 ,
  42          0xF5, 0xF2, 0xF0, 0xEC, 0xE9, 0xE6, 0xE2, 0xDE, 0xD9, 0xD5, 0xD0, 0xCB, 0xC6, 0xC1, 0xBB, 0xB6,
  43          0xB0, 0xAA, 0xA4, 0x9E, 0x98, 0x92, 0x8C, 0x86, 0x80, 0x79, 0x73, 0x6D, 0x67, 0x61, 0x5B, 0x55
  44          
  45          };
  46           /********************************
  47          *名    称： timer0
  48          *功    能 ：定时器0中断服务程序 10ms
  49          *入口参数： 无
  50          *出口参数： 无
  51          *********************************/
  52          
  53           void timer0(void) interrupt 1
  54          {
C51 COMPILER V8.02   ULITITY                                                               12/27/2013 09:38:01 PAGE 2   

  55   1       TH0=0xdc;
  56   1       TL0=0x32;//重新载入定时值
  57   1        timer_tick_count++;
  58   1      
  59   1      }
  60           /********************************
  61          *名    称： serial
  62          *功    能 ： 串口中断服务程序
  63          *入口参数： 无
  64          *出口参数： 无
  65          *********************************/
  66          
  67           void serial() interrupt 4 
  68          {
  69   1              if(RI)//接收到串口数据
  70   1              {
  71   2                      RI= 0;
  72   2                      queue_push(SBUF);//接收串口的数据并压入到指令缓冲区
  73   2              }
  74   1      }
  75          
  76          /********************************
  77          *名    称： systicket_init
  78          *功    能 ：节拍定时器 10ms
  79          *入口参数： 无
  80          *出口参数： 无
  81          *********************************/
  82          void systicket_init(void)
  83          {
  84   1       TMOD=0x9;
  85   1       TH0=0xdc;
  86   1       TL0=0x32;
  87   1       TR0=1;
  88   1       ET0=1;
  89   1      }
  90          
  91          /********************************
  92          *名    称： CleanScreen
  93          *功    能 ：清屏命令
  94          *入口参数： 清屏颜色
  95          *出口参数： 无
  96          *********************************/
  97          
  98          void CleanScreen(uint16 color)
  99          {
 100   1          SetBcolor(color);
 101   1              GUI_CleanScreen();
 102   1      }
 103          /********************************
 104          *名    称： UpDate
 105          *功    能 ：更新页面上的文本控件
 106          *入口参数： 清屏颜色
 107          *出口参数： 无
 108          *********************************/
 109          
 110          void UpDate(void)
 111          {
 112   1          uint8 dat[10];
 113   1          dat[0] = (timer_tick_count/10)%10+0x30;
 114   1          dat[1] ='.';
 115   1          dat[2] = timer_tick_count%10+0x31;
 116   1                      GetScreen(); //获取当前的画面编号
C51 COMPILER V8.02   ULITITY                                                               12/27/2013 09:38:01 PAGE 3   

 117   1          if(current_screen_id == 1) //文本页面
 118   1          {
 119   2              SetTextValue( 1, 6,dat);//当前电流（画面1控件6）
 120   2              SetTextValue( 1, 7,dat);//实时温度（画面1控件7）
 121   2              SetTextValue( 1, 8,dat);//实时湿度（画面1控件8）
 122   2          }
 123   1          else if(current_screen_id == 3) //曲线页面
 124   1              {
 125   2                      // GraphChannelDataInsert(3,1,0);
 126   2                //  for(i=0;i<6;i++)
 127   2                        GraphChannelDataInsert(3,1,0,sine1,128); //添加温度曲线的数据(128个点(画面3，控件1))
 128   2                        GraphChannelDataInsert(3,1,0,sine2,128); //添加温度曲线的数据(128个点(画面3，控件1))
 129   2      
 130   2          }
 131   1         else if(current_screen_id == 4)
 132   1         {
 133   2             SetMeterValue(4,1,timer_tick_count%100);      //仪表A转动数值（画面4控件1）
 134   2             SetMeterValue(4,2,timer_tick_count%100);      //仪表B转动数值 （画面4控件2）
 135   2         }
 136   1         else if(current_screen_id == 5)
 137   1         {
 138   2            SetProgressValue(5,1,(timer_tick_count%100)); //进度条数值（画面5控件1）
 139   2         }
 140   1      }
 141          
 142          void iniuserctr(void)
 143          {
 144   1          /*修改文本框显示内容*/
 145   1          SetTextValue( 1, 1,"2");       // 显示机组号  （画面1中的文本控件1）
 146   1          SetTextValue( 1, 2,"250");     // 设置最高电压（画面1中的文本控件2）
 147   1          SetTextValue( 1, 3,"80");      // 设置最高告警（画面1中的文本控件3）
 148   1          SetTextValue( 1, 5,"125");     // 设置最高电压/2（画面1中的文本控件5）
 149   1          SetTextValue( 1, 6,"1.6");     // 显示当前电流（画面1中的文本控件6）
 150   1          SetTextValue( 1, 7,"40");      // 显示实时温度（画面1中的文本控件7）
 151   1          SetTextValue( 1, 8,"50");      // 显示实时湿度（画面1中的文本控件8）
 152   1          SetButtonValue(2,3,1);         // 把启动运行的图标变为按下去状态(画面2，控件3)
 153   1              AnimationPlayFrame(2, 1, 1);   // 图标控件显示运行状态（画面2，控件1，播放到第一帧）
 154   1      }
 155          
 156          /*********************************************************************************************************
             -*****
 157          * 名    称： delay_ms
 158          * 功    能： 延时n毫秒
 159          * 入口参数： n-延时时间
 160          * 出口参数： 无
 161          **********************************************************************************************************
             -*****/
 162          void delay_ms(uint32 delay)
 163          {
 164   1          uint32 tick = timer_tick_count;
 165   1          while(1)
 166   1          {
 167   2              if(timer_tick_count-tick>delay/10)
 168   2                  break;
 169   2          }
 170   1      }


MODULE INFORMATION:   STATIC OVERLAYABLE
   CODE SIZE        =    588    ----
   CONSTANT SIZE    =    311    ----
   XDATA SIZE       =   ----    ----
C51 COMPILER V8.02   ULITITY                                                               12/27/2013 09:38:01 PAGE 4   

   PDATA SIZE       =   ----    ----
   DATA SIZE        =   ----      18
   IDATA SIZE       =   ----    ----
   BIT SIZE         =   ----    ----
   EDATA SIZE       =   ----    ----
   HDATA SIZE       =   ----    ----
   XDATA CONST SIZE =   ----    ----
   FAR CONST SIZE   =   ----    ----
END OF MODULE INFORMATION.


C51 COMPILATION COMPLETE.  0 WARNING(S),  0 ERROR(S)
